<?xml version="1.0" encoding="UTF-8"?>
<testsuite name="Scenario: Verify individual day temp timeline" time="30.036" tests="7" errors="3" skipped="3" failures="0">
  <properties>
    <property name="java.runtime.name" value="Java(TM) SE Runtime Environment"/>
    <property name="sun.boot.library.path" value="/Library/Java/JavaVirtualMachines/jdk1.8.0_144.jdk/Contents/Home/jre/lib"/>
    <property name="java.vm.version" value="25.144-b01"/>
    <property name="user.country.format" value="IN"/>
    <property name="gopherProxySet" value="false"/>
    <property name="java.vm.vendor" value="Oracle Corporation"/>
    <property name="maven.multiModuleProjectDirectory" value="/Users/deepaksharma/Documents/Study/Technosoft/Code/DarkSkyProject"/>
    <property name="java.vendor.url" value="http://java.oracle.com/"/>
    <property name="path.separator" value=":"/>
    <property name="guice.disable.misplaced.annotation.check" value="true"/>
    <property name="java.vm.name" value="Java HotSpot(TM) 64-Bit Server VM"/>
    <property name="file.encoding.pkg" value="sun.io"/>
    <property name="user.country" value="US"/>
    <property name="sun.java.launcher" value="SUN_STANDARD"/>
    <property name="sun.os.patch.level" value="unknown"/>
    <property name="java.vm.specification.name" value="Java Virtual Machine Specification"/>
    <property name="user.dir" value="/Users/deepaksharma/Documents/Study/Technosoft/Code/DarkSkyProject"/>
    <property name="java.runtime.version" value="1.8.0_144-b01"/>
    <property name="java.awt.graphicsenv" value="sun.awt.CGraphicsEnvironment"/>
    <property name="java.endorsed.dirs" value="/Library/Java/JavaVirtualMachines/jdk1.8.0_144.jdk/Contents/Home/jre/lib/endorsed"/>
    <property name="os.arch" value="x86_64"/>
    <property name="java.io.tmpdir" value="/var/folders/25/g8zz8fl15tqbyvvk_q8czvqw0000gn/T/"/>
    <property name="line.separator" value="&#10;"/>
    <property name="java.vm.specification.vendor" value="Oracle Corporation"/>
    <property name="os.name" value="Mac OS X"/>
    <property name="classworlds.conf" value="/Users/deepaksharma/apache-maven.0/bin/m2.conf"/>
    <property name="sun.jnu.encoding" value="UTF-8"/>
    <property name="java.library.path" value="/Users/deepaksharma/Library/Java/Extensions:/Library/Java/Extensions:/Network/Library/Java/Extensions:/System/Library/Java/Extensions:/usr/lib/java:."/>
    <property name="maven.conf" value="/Users/deepaksharma/apache-maven.0/conf"/>
    <property name="java.specification.name" value="Java Platform API Specification"/>
    <property name="java.class.version" value="52.0"/>
    <property name="sun.management.compiler" value="HotSpot 64-Bit Tiered Compilers"/>
    <property name="os.version" value="10.14.1"/>
    <property name="library.jansi.path" value="/Users/deepaksharma/apache-maven.0/lib/jansi-native/osx64"/>
    <property name="http.nonProxyHosts" value="local|*.local|169.254/16|*.169.254/16"/>
    <property name="user.home" value="/Users/deepaksharma"/>
    <property name="user.timezone" value="America/New_York"/>
    <property name="java.awt.printerjob" value="sun.lwawt.macosx.CPrinterJob"/>
    <property name="java.specification.version" value="1.8"/>
    <property name="file.encoding" value="UTF-8"/>
    <property name="user.name" value="deepaksharma"/>
    <property name="java.class.path" value="/Users/deepaksharma/apache-maven.0/boot/plexus-classworlds-2.5.2.jar"/>
    <property name="java.vm.specification.version" value="1.8"/>
    <property name="sun.arch.data.model" value="64"/>
    <property name="java.home" value="/Library/Java/JavaVirtualMachines/jdk1.8.0_144.jdk/Contents/Home/jre"/>
    <property name="sun.java.command" value="org.codehaus.plexus.classworlds.launcher.Launcher clean test"/>
    <property name="java.specification.vendor" value="Oracle Corporation"/>
    <property name="user.language" value="en"/>
    <property name="awt.toolkit" value="sun.lwawt.macosx.LWCToolkit"/>
    <property name="java.vm.info" value="mixed mode"/>
    <property name="java.version" value="1.8.0_144"/>
    <property name="java.ext.dirs" value="/Users/deepaksharma/Library/Java/Extensions:/Library/Java/JavaVirtualMachines/jdk1.8.0_144.jdk/Contents/Home/jre/lib/ext:/Library/Java/Extensions:/Network/Library/Java/Extensions:/System/Library/Java/Extensions:/usr/lib/java"/>
    <property name="sun.boot.class.path" value="/Library/Java/JavaVirtualMachines/jdk1.8.0_144.jdk/Contents/Home/jre/lib/resources.jar:/Library/Java/JavaVirtualMachines/jdk1.8.0_144.jdk/Contents/Home/jre/lib/rt.jar:/Library/Java/JavaVirtualMachines/jdk1.8.0_144.jdk/Contents/Home/jre/lib/sunrsasign.jar:/Library/Java/JavaVirtualMachines/jdk1.8.0_144.jdk/Contents/Home/jre/lib/jsse.jar:/Library/Java/JavaVirtualMachines/jdk1.8.0_144.jdk/Contents/Home/jre/lib/jce.jar:/Library/Java/JavaVirtualMachines/jdk1.8.0_144.jdk/Contents/Home/jre/lib/charsets.jar:/Library/Java/JavaVirtualMachines/jdk1.8.0_144.jdk/Contents/Home/jre/lib/jfr.jar:/Library/Java/JavaVirtualMachines/jdk1.8.0_144.jdk/Contents/Home/jre/classes"/>
    <property name="java.vendor" value="Oracle Corporation"/>
    <property name="maven.home" value="/Users/deepaksharma/apache-maven.0"/>
    <property name="file.separator" value="/"/>
    <property name="java.vendor.url.bug" value="http://bugreport.sun.com/bugreport/"/>
    <property name="sun.cpu.endian" value="little"/>
    <property name="sun.io.unicode.encoding" value="UnicodeBig"/>
    <property name="socksNonProxyHosts" value="local|*.local|169.254/16|*.169.254/16"/>
    <property name="ftp.nonProxyHosts" value="local|*.local|169.254/16|*.169.254/16"/>
    <property name="sun.cpu.isalist" value=""/>
  </properties>
  <testcase name="Scenario: Verify timeline is displayed in correct format" classname="Scenario: Verify timeline is displayed in correct format" time="0.001">
    <error type="java.lang.NullPointerException:"><![CDATA[java.lang.NullPointerException: null
	at com.google.common.base.Preconditions.checkNotNull(Preconditions.java:787)
	at org.openqa.selenium.support.ui.FluentWait.<init>(FluentWait.java:96)
	at org.openqa.selenium.support.ui.FluentWait.<init>(FluentWait.java:87)
	at framework.BasePage.webAction(BasePage.java:19)
	at framework.BasePage.getTextFromElement(BasePage.java:65)
	at framework.web_pages.DarkSky.HomePage.getActualTemperatureTimeline(HomePage.java:82)
	at framework.web_pages.DarkSky.HomePage.verifyTemperatureBarValues(HomePage.java:75)
	at stepdefinition.DarkSkySD.iVerifyTempBarIncrement(DarkSkySD.java:45)
	at ✽.Then I verify timeline is displayed with 2 hours incremented for next 11 hours(darkSky.feature:9)
]]></error>
  </testcase>
  <testcase name="And close browser" classname="Scenario: Verify timeline is displayed in correct format" time="0">
    <skipped/>
  </testcase>
  <testcase name="Given I am on Dark Sky webpage" classname="Scenario: Verify individual day temp timeline" time="10.011"/>
  <testcase name="When I expand todays timeline" classname="Scenario: Verify individual day temp timeline" time="10.011">
    <error type="java.lang.NullPointerException:"><![CDATA[java.lang.NullPointerException: null
	at com.google.common.base.Preconditions.checkNotNull(Preconditions.java:787)
	at org.openqa.selenium.support.ui.FluentWait.<init>(FluentWait.java:96)
	at org.openqa.selenium.support.ui.FluentWait.<init>(FluentWait.java:87)
	at framework.BasePage.webAction(BasePage.java:19)
	at framework.BasePage.clickOn(BasePage.java:38)
	at framework.web_pages.DarkSky.HomePage.clickOnTodaysTimeline(HomePage.java:116)
	at stepdefinition.DarkSkySD.iExpandTodaysTimeLine(DarkSkySD.java:50)
	at ✽.When I expand todays timeline(darkSky.feature:14)
]]></error>
    <system-out><![CDATA[
  Background:                      &amp#27;[90m# darkSky.feature:4&amp#27;[0m
    &amp#27;[32mGiven &amp#27;[0m&amp#27;[32mI am on Dark Sky webpage&amp#27;[0m &amp#27;[90m# DarkSkySD.iAmOnDarkSkyWebpage()&amp#27;[0m
]]></system-out>
  </testcase>
  <testcase name="Scenario: Verify individual day temp timeline" classname="Scenario: Verify individual day temp timeline" time="10.013">
    <error type="java.lang.NullPointerException:"><![CDATA[java.lang.NullPointerException: null
	at com.google.common.base.Preconditions.checkNotNull(Preconditions.java:787)
	at org.openqa.selenium.support.ui.FluentWait.<init>(FluentWait.java:96)
	at org.openqa.selenium.support.ui.FluentWait.<init>(FluentWait.java:87)
	at framework.BasePage.webAction(BasePage.java:19)
	at framework.BasePage.clickOn(BasePage.java:38)
	at framework.web_pages.DarkSky.HomePage.clickOnTodaysTimeline(HomePage.java:116)
	at stepdefinition.DarkSkySD.iExpandTodaysTimeLine(DarkSkySD.java:50)
	at ✽.When I expand todays timeline(darkSky.feature:14)
]]></error>
  </testcase>
  <testcase name="Then I verify lowest and highest temp is displayed correctly" classname="Scenario: Verify individual day temp timeline" time="0">
    <skipped/>
  </testcase>
  <testcase name="And close browser" classname="Scenario: Verify individual day temp timeline" time="0">
    <skipped/>
  </testcase>
</testsuite>