<?xml version="1.0" encoding="UTF-8"?>
<testsuite name="Scenario: Verify individual day temp timeline" time="30.036" tests="7" errors="3" skipped="3" failures="0">
  <properties>
[...]
</properties>
  <testcase name="Scenario: Verify timeline is displayed in correct format" classname="Scenario: Verify timeline is displayed in correct format" time="0.001">
    <error type="java.lang.NullPointerException:"><![CDATA[java.lang.NullPointerException: null
	at com.google.common.base.Preconditions.checkNotNull(Preconditions.java:787)
	at org.openqa.selenium.support.ui.FluentWait.<init>(FluentWait.java:96)
	at org.openqa.selenium.support.ui.FluentWait.<init>(FluentWait.java:87)
	at framework.BasePage.webAction(BasePage.java:19)
	at framework.BasePage.getTextFromElement(BasePage.java:65)
	at framework.web_pages.DarkSky.HomePage.getActualTemperatureTimeline(HomePage.java:82)
	at framework.web_pages.DarkSky.HomePage.verifyTemperatureBarValues(HomePage.java:75)
	at stepdefinition.DarkSkySD.iVerifyTempBarIncrement(DarkSkySD.java:45)
	at ✽.Then I verify timeline is displayed with 2 hours incremented for next 11 hours(darkSky.feature:9)
]]></error>
  </testcase>
  <testcase name="And close browser" classname="Scenario: Verify timeline is displayed in correct format" time="0">
    <skipped/>
  </testcase>
  <testcase name="Given I am on Dark Sky webpage" classname="Scenario: Verify individual day temp timeline" time="10.011"/>
  <testcase name="When I expand todays timeline" classname="Scenario: Verify individual day temp timeline" time="10.011">
    <error type="java.lang.NullPointerException:"><![CDATA[java.lang.NullPointerException: null
	at com.google.common.base.Preconditions.checkNotNull(Preconditions.java:787)
	at org.openqa.selenium.support.ui.FluentWait.<init>(FluentWait.java:96)
	at org.openqa.selenium.support.ui.FluentWait.<init>(FluentWait.java:87)
	at framework.BasePage.webAction(BasePage.java:19)
	at framework.BasePage.clickOn(BasePage.java:38)
	at framework.web_pages.DarkSky.HomePage.clickOnTodaysTimeline(HomePage.java:116)
	at stepdefinition.DarkSkySD.iExpandTodaysTimeLine(DarkSkySD.java:50)
	at ✽.When I expand todays timeline(darkSky.feature:14)
]]></error>
    <system-out><![CDATA[
  Background:                      &amp#27;[90m# darkSky.feature:4&amp#27;[0m
    &amp#27;[32mGiven &amp#27;[0m&amp#27;[32mI am on Dark Sky webpage&amp#27;[0m &amp#27;[90m# DarkSkySD.iAmOnDarkSkyWebpage()&amp#27;[0m
]]></system-out>
  </testcase>
  <testcase name="Scenario: Verify individual day temp timeline" classname="Scenario: Verify individual day temp timeline" time="10.013">
    <error type="java.lang.NullPointerException:"><![CDATA[java.lang.NullPointerException: null
	at com.google.common.base.Preconditions.checkNotNull(Preconditions.java:787)
	at org.openqa.selenium.support.ui.FluentWait.<init>(FluentWait.java:96)
	at org.openqa.selenium.support.ui.FluentWait.<init>(FluentWait.java:87)
	at framework.BasePage.webAction(BasePage.java:19)
	at framework.BasePage.clickOn(BasePage.java:38)
	at framework.web_pages.DarkSky.HomePage.clickOnTodaysTimeline(HomePage.java:116)
	at stepdefinition.DarkSkySD.iExpandTodaysTimeLine(DarkSkySD.java:50)
	at ✽.When I expand todays timeline(darkSky.feature:14)
]]></error>
  </testcase>
  <testcase name="Then I verify lowest and highest temp is displayed correctly" classname="Scenario: Verify individual day temp timeline" time="0">
    <skipped/>
  </testcase>
  <testcase name="And close browser" classname="Scenario: Verify individual day temp timeline" time="0">
    <skipped/>
  </testcase>
</testsuite>